<?xml version="1.0" encoding="UTF-8"?>
<testng-results ignored="0" total="2" passed="2" failed="0" skipped="0">
  <reporter-output>
  </reporter-output>
  <suite started-at="2023-07-11T13:53:48Z" name="Default suite" finished-at="2023-07-11T13:53:52Z" duration-ms="3930">
    <groups>
      <group name="cucumber">
        <method signature="AbstractTestNGCucumberTests.runScenario(io.cucumber.testng.PickleWrapper, io.cucumber.testng.FeatureWrapper)[pri:0, instance:TestRunnerclass.TestRunner@babafc2]" name="runScenario" class="io.cucumber.testng.AbstractTestNGCucumberTests"/>
      </group> <!-- cucumber -->
    </groups>
    <test started-at="2023-07-11T13:53:48Z" name="Default test" finished-at="2023-07-11T13:53:52Z" duration-ms="3930">
      <class name="TestRunnerclass.TestRunner">
        <test-method is-config="true" signature="setUpClass(org.testng.ITestContext)[pri:0, instance:TestRunnerclass.TestRunner@babafc2]" started-at="2023-07-11T13:53:48Z" name="setUpClass" finished-at="2023-07-11T13:53:48Z" duration-ms="293" status="PASS">
          <params>
            <param index="0">
              <value>
                <![CDATA[org.testng.TestRunner@2347b7af]]>
              </value>
            </param>
          </params>
          <reporter-output>
          </reporter-output>
        </test-method> <!-- setUpClass -->
        <test-method signature="runScenario(io.cucumber.testng.PickleWrapper, io.cucumber.testng.FeatureWrapper)[pri:0, instance:TestRunnerclass.TestRunner@babafc2]" started-at="2023-07-11T13:53:48Z" name="runScenario" description="Runs Cucumber Scenarios" data-provider="scenarios" finished-at="2023-07-11T13:53:51Z" duration-ms="2359" status="PASS">
          <params>
            <param index="0">
              <value>
                <![CDATA["Verify if Place is being Succesfully added using AddPlaceAPI"]]>
              </value>
            </param>
            <param index="1">
              <value>
                <![CDATA["validation of adding the place"]]>
              </value>
            </param>
          </params>
          <reporter-output>
          </reporter-output>
        </test-method> <!-- runScenario -->
        <test-method signature="runScenario(io.cucumber.testng.PickleWrapper, io.cucumber.testng.FeatureWrapper)[pri:0, instance:TestRunnerclass.TestRunner@babafc2]" started-at="2023-07-11T13:53:51Z" name="runScenario" description="Runs Cucumber Scenarios" data-provider="scenarios" finished-at="2023-07-11T13:53:52Z" duration-ms="992" status="PASS">
          <params>
            <param index="0">
              <value>
                <![CDATA["Delete location"]]>
              </value>
            </param>
            <param index="1">
              <value>
                <![CDATA["validation of adding the place"]]>
              </value>
            </param>
          </params>
          <reporter-output>
          </reporter-output>
        </test-method> <!-- runScenario -->
        <test-method is-config="true" signature="tearDownClass()[pri:0, instance:TestRunnerclass.TestRunner@babafc2]" started-at="2023-07-11T13:53:52Z" name="tearDownClass" finished-at="2023-07-11T13:53:52Z" duration-ms="269" status="PASS">
          <reporter-output>
          </reporter-output>
        </test-method> <!-- tearDownClass -->
      </class> <!-- TestRunnerclass.TestRunner -->
    </test> <!-- Default test -->
  </suite> <!-- Default suite -->
</testng-results>
